<?xml version="1.0" encoding="UTF-8"?>
<!-- Generated by org.testng.reporters.JUnitReportReporter -->
<testsuite skipped="0" hostname="FB-162" name="maven.selenuem.test" tests="1" failures="0" timestamp="6 Mar 2019 17:55:56 GMT" time="0.007" errors="0">
  <testcase name="f" time="0.007" classname="maven.selenuem.test"/>
</testsuite> <!-- maven.selenuem.test -->
